LexToken(ALPHABET,'setAlphabet',1,0)
LexToken(COLON,':',1,11)
LexToken(SYMB,'"0, 1"',1,13)
LexToken(STATES_AMOUNT,'setStatesAmount',2,20)
LexToken(COLON,':',2,35)
LexToken(NUM,2,2,37)
LexToken(START,'setStart',3,39)
LexToken(COLON,':',3,47)
LexToken(NUM,0,3,49)
LexToken(TERMINATE,'makeTerminate',4,51)
LexToken(COLON,':',4,64)
LexToken(NUM,0,4,66)
LexToken(EDGE,'addEdge',5,68)
LexToken(COLON,':',5,75)
LexToken(SYMB,'"0, 1, 0"',5,77)
LexToken(EDGE,'addEdge',6,87)
LexToken(COLON,':',6,94)
LexToken(SYMB,'"0, 1, 1"',6,96)
LexToken(EDGE,'addEdge',7,106)
LexToken(COLON,':',7,113)
LexToken(SYMB,'"1, 1, 0"',7,115)
LexToken(EDGE,'addEdge',8,125)
LexToken(COLON,':',8,132)
LexToken(SYMB,'"1, 1, 1"',8,134)
